root - INFO - Loading Data...
root - INFO - Init nn...
root - INFO - Training...
root - INFO - [1,   256] loss: 0.09747
root - INFO - [1, 77056] loss: 0.07880
root - INFO - [1, 153856] loss: 0.05418
root - INFO - [1, 230656] loss: 0.03759
root - INFO - [1, 307456] loss: 0.02877
root - INFO - [1, 384256] loss: 0.02338
root - INFO - [1, 461056] loss: 0.01975
root - INFO - [1, 537856] loss: 0.01713
root - INFO - [1, 614656] loss: 0.01516
root - INFO - [1, 691456] loss: 0.01361
root - INFO - [1, 768256] loss: 0.01237
root - INFO - [1, 845056] loss: 0.01134
root - INFO - [1, 921856] loss: 0.01048
root - INFO - [1, 998656] loss: 0.00976
root - INFO - [1, 1075456] loss: 0.00913
root - INFO - [1, 1152256] loss: 0.00859
root - INFO - [1, 1229056] loss: 0.00811
root - INFO - [1, 1305856] loss: 0.00769
root - INFO - [1, 1382656] loss: 0.00731
root - INFO - [1, 1459456] loss: 0.00697
root - INFO - [1, 1536256] loss: 0.00667
root - INFO - [1, 1613056] loss: 0.00639
root - INFO - [1, 1689856] loss: 0.00614
root - INFO - [1, 1766656] loss: 0.00591
root - INFO - [1, 1843456] loss: 0.00570
root - INFO - [1, 1920256] loss: 0.00551
root - INFO - [1, 1997056] loss: 0.00533
root - INFO - [1, 2073856] loss: 0.00516
root - INFO - [1, 2150656] loss: 0.00500
root - INFO - [1, 2227456] loss: 0.00486
root - INFO - [1, 2304256] loss: 0.00472
root - INFO - [1, 2381056] loss: 0.00460
root - INFO - [1, 2457856] loss: 0.00448
root - INFO - [1, 2534656] loss: 0.00437
root - INFO - [1, 2611456] loss: 0.00426
root - INFO - [1, 2688256] loss: 0.00416
root - INFO - [1, 2765056] loss: 0.00407
root - INFO - [1, 2841856] loss: 0.00398
root - INFO - [1, 2918656] loss: 0.00389
root - INFO - [1, 2995456] loss: 0.00381
root - INFO - [1, 3072256] loss: 0.00374
root - INFO - [1, 3149056] loss: 0.00366
root - INFO - [1, 3225856] loss: 0.00360
root - INFO - [1, 3302656] loss: 0.00353
root - INFO - [1, 3379456] loss: 0.00347
root - INFO - [1, 3456256] loss: 0.00340
root - INFO - [1, 3533056] loss: 0.00335
root - INFO - [1, 3609856] loss: 0.00329
root - INFO - [1, 3686656] loss: 0.00324
root - INFO - [1, 3763456] loss: 0.00318
root - INFO - [1, 3840256] loss: 0.00313
root - INFO - [1, 3917056] loss: 0.00309
root - INFO - [1, 3993856] loss: 0.00304
root - INFO - [1, 4070656] loss: 0.00300
root - INFO - [1, 4147456] loss: 0.00296
root - INFO - [1, 4224256] loss: 0.00292
root - INFO - [1, 4301056] loss: 0.00288
root - INFO - [1, 4377856] loss: 0.00284
root - INFO - [1, 4454656] loss: 0.00280
root - INFO - [1, 4531456] loss: 0.00276
root - INFO - [1, 4608256] loss: 0.00273
root - INFO - [1, 4685056] loss: 0.00270
root - INFO - [1, 4761856] loss: 0.00266
root - INFO - [1, 4838656] loss: 0.00263
root - INFO - [1, 4915456] loss: 0.00260
root - INFO - [1, 4992256] loss: 0.00257
root - INFO - [1, 5069056] loss: 0.00254
root - INFO - [1, 5145856] loss: 0.00252
root - INFO - [1, 5222656] loss: 0.00249
root - INFO - [1, 5299456] loss: 0.00246
root - INFO - [1, 5376256] loss: 0.00244
root - INFO - [1, 5453056] loss: 0.00241
root - INFO - [1, 5529856] loss: 0.00239
root - INFO - @@@@@@@@@@@ Validation @@@@@@@@@@@@
root - INFO - MAE: 0.072
root - INFO - sMAPE: 14.606%
root - INFO - RMSE: 0.112
root - INFO - R2: SpearmanrResult(correlation=0.7707306538436979, pvalue=0.0)
root - INFO - @@@@@@@@@@@@@@@@@@@@@@@@@@@@@@@@@@@
root - INFO - [2,   256] loss: 0.00065
root - INFO - [2, 77056] loss: 0.00061
root - INFO - [2, 153856] loss: 0.00062
